03-04-2017 11:43:49.613,-,AT,"0,0013A20040A27C68,XBee-PRO 868 Single Channel,1061,COM7 - 9600/8/N/1/N,8"

03-04-2017 12:16:55.167,491,RECV,2474726B2C32333A35393A34362E30302C302E303030302C302E303030302C302E3030303030302C302E3030303030
03-04-2017 12:16:55.218,492,RECV,302C302E30302C302E30302C302E303030302C302C302C302C302C32312E37302C33322E31300D0A
03-04-2017 12:16:57.131,493,RECV,247472
03-04-2017 12:16:57.181,494,RECV,6B2C32333A35393A34362E30302C302E303030302C302E303030302C302E3030303030302C302E3030303030302C
03-04-2017 12:16:57.240,495,RECV,302E30302C302E30302C302E303030302C302C302C302C312C32312E36302C33332E36300D0A
03-04-2017 12:16:59.146,496,RECV,2474726B2C32333A35393A35322E30302C302E
03-04-2017 12:16:59.196,497,RECV,303030302C302E303030302C302E3030303030302C302E3030303030302C302E30302C302E30302C302E30303030
03-04-2017 12:16:59.268,498,RECV,2C302C302C302C322C32312E36302C33322E35300D0A
03-04-2017 12:17:01.161,499,RECV,2474726B2C32333A35393A35322E30302C302E303030302C302E303030302C302E3030
03-04-2017 12:17:01.211,500,RECV,303030302C302E3030303030302C302E30302C302E30302C302E303030302C302C302C302C332C32312E36302C3333
03-04-2017 12:17:01.299,501,RECV,2E34300D0A
03-04-2017 12:17:03.126,502,RECV,2474726B2C32
03-04-2017 12:17:03.177,503,RECV,333A35393A35362E30302C302E303030302C302E303030302C302E3030303030302C302E3030303030302C302E30
03-04-2017 12:17:03.244,504,RECV,302C302E30302C302E303030302C302C302C302C342C32312E36302C33332E34300D0A
03-04-2017 12:17:05.140,505,RECV,2474726B2C32333A35393A35362E30302C302E303030302C302E303030302C302E3030303030302C302E
03-04-2017 12:17:05.190,506,RECV,3030303030302C302E30302C302E30302C302E303030302C302C302C302C352C2C0D0A
03-04-2017 12:17:07.152,507,RECV,2474726B2C32333A35393A36302E30302C302E303030302C30
03-04-2017 12:17:07.203,508,RECV,2E303030302C302E3030303030302C302E3030303030302C302E30302C302E30302C302E303030302C302C302C30
03-04-2017 12:17:07.255,509,RECV,2C362C32312E36302C33322E39300D0A
03-04-2017 12:17:09.166,510,RECV,2474726B2C32333A35393A36302E30302C302E303030302C302E303030302C302E3030303030302C30
03-04-2017 12:17:09.216,511,RECV,2E3030303030302C302E30302C302E30302C302E303030302C302C302C302C372C32312E36302C33312E37300D0A
03-04-2017 12:17:11.130,512,RECV,2474726B2C303A303A342E30302C302E
03-04-2017 12:17:11.182,513,RECV,303030302C302E303030302C302E3030303030302C302E3030303030302C302E30302C302E30302C302E30303030
03-04-2017 12:17:11.267,514,RECV,2C302C302C302C382C32312E36302C33312E37300D0A
03-04-2017 12:17:13.145,515,RECV,2474726B2C303A303A342E30302C302E303030302C302E303030302C302E3030
03-04-2017 12:17:13.195,516,RECV,303030302C302E3030303030302C302E30302C302E30302C302E303030302C302C302C302C392C32312E36302C3331
03-04-2017 12:17:13.259,517,RECV,2E37300D0A
03-04-2017 12:17:15.157,518,RECV,2474726B2C303A303A382E30302C302E303030302C302E303030302C302E303030
03-04-2017 12:17:15.208,519,RECV,3030302C302E3030303030302C302E30302C302E30302C302E303030302C302C302C302C31302C32312E36302C33322E32300D0A
03-04-2017 12:17:17.123,520,RECV,247472
03-04-2017 12:17:17.169,521,RECV,6B2C303A303A382E30302C302E303030302C302E303030302C302E3030303030302C302E3030303030302C302E30
03-04-2017 12:17:17.233,522,RECV,302C302E30302C302E303030302C302C302C302C31312C32312E36302C33322E31300D0A
03-04-2017 12:17:19.131,523,RECV,2474726B2C303A303A31322E30302C302E3030
03-04-2017 12:17:19.181,524,RECV,30302C302E303030302C302E3030303030302C302E3030303030302C302E30302C302E30302C302E303030302C30
03-04-2017 12:17:19.254,525,RECV,2C302C302C31322C32312E36302C33322E33300D0A
03-04-2017 12:17:21.147,526,RECV,2474726B2C303A303A31322E30302C302E303030302C302E303030302C302E3030303030302C302E3030303030302C302E30302C302E
03-04-2017 12:17:21.197,527,RECV,30302C302E303030302C302C302C302C31332C2C0D0A
03-04-2017 12:17:23.162,528,RECV,2474726B2C303A303A31362E30302C302E303030302C302E303030302C302E303030303030
03-04-2017 12:17:23.212,529,RECV,2C302E3030303030302C302E30302C302E30302C302E303030302C302C302C302C31342C32312E36302C33332E30300D0A
03-04-2017 12:17:25.126,530,RECV,2474726B2C303A
03-04-2017 12:17:25.177,531,RECV,303A31362E30302C302E303030302C302E303030302C302E3030303030302C302E3030303030302C302E30302C30
03-04-2017 12:17:25.232,532,RECV,2E30302C302E303030302C302C302C302C31352C32312E36302C33322E35300D0A
03-04-2017 12:17:27.142,533,RECV,2474726B2C303A303A32302E30302C302E303030302C302E
03-04-2017 12:17:27.193,534,RECV,303030302C302E3030303030302C302E3030303030302C302E30302C302E30302C302E303030302C302C302C302C
03-04-2017 12:17:27.253,535,RECV,31362C32312E36302C33322E32300D0A
03-04-2017 12:17:29.154,536,RECV,2474726B2C303A303A32302E30302C302E303030302C302E303030302C302E3030303030302C302E30
03-04-2017 12:17:29.204,537,RECV,30303030302C302E30302C302E30302C302E303030302C302C302C302C31372C32312E36302C33322E33300D0A
03-04-2017 12:18:39.666,538,RECV,2474726B2C32333A35393A34362E30302C302E303030302C302E303030302C302E3030
03-04-2017 12:18:39.716,539,RECV,303030302C302E3030303030302C302E30302C302E30302C302E303030302C302C302C302C302C32312E38302C33312E38300D0A
03-04-2017 12:18:41.628,540,RECV,2474726B2C32
03-04-2017 12:18:41.678,541,RECV,333A35393A34362E30302C302E303030302C302E303030302C302E3030303030302C302E3030303030302C302E30
03-04-2017 12:18:41.740,542,RECV,302C302E30302C302E303030302C302C302C302C312C32312E38302C33352E30300D0A
03-04-2017 12:18:43.643,543,RECV,2474726B2C32333A35393A35322E30302C302E303030
03-04-2017 12:18:43.693,544,RECV,302C302E303030302C302E3030303030302C302E3030303030302C302E30302C302E30302C302E303030302C302C
03-04-2017 12:18:43.777,545,RECV,302C302C322C32312E38302C33342E38300D0A
03-04-2017 12:18:45.656,546,RECV,2474726B2C32333A35393A35322E30302C302E303030302C302E303030302C302E303030303030
03-04-2017 12:18:45.706,547,RECV,2C302E3030303030302C302E30302C302E30302C302E303030302C302C302C302C332C32312E37302C33342E34300D
03-04-2017 12:18:45.769,548,RECV,0A
03-04-2017 12:18:47.667,549,RECV,2474726B2C32333A35393A35362E30302C302E303030302C302E303030302C302E3030303030302C
03-04-2017 12:18:47.718,550,RECV,302E3030303030302C302E30302C302E30302C302E303030302C302C302C302C342C32312E38302C33332E39300D0A
03-04-2017 12:18:49.630,551,RECV,2474726B2C32333A35393A35362E30302C302E303030302C302E30303030
03-04-2017 12:18:49.681,552,RECV,2C302E3030303030302C302E3030303030302C302E30302C302E30302C302E303030302C302C302C302C352C2C0D
03-04-2017 12:18:49.738,553,RECV,0A
03-04-2017 12:18:51.645,554,RECV,2474726B2C32333A35393A36302E30302C302E303030302C302E3030
03-04-2017 12:18:51.695,555,RECV,30302C302E3030303030302C302E3030303030302C302E30302C302E30302C302E303030302C302C302C302C362C
03-04-2017 12:18:51.770,556,RECV,32312E38302C33342E33300D0A
03-04-2017 12:18:53.655,557,RECV,2474726B2C32333A35393A36302E30302C302E303030302C302E303030302C302E3030303030302C302E3030303030
03-04-2017 12:18:53.705,558,RECV,302C302E30302C302E30302C302E303030302C302C302C302C372C2C0D0A
03-04-2017 12:18:55.615,559,RECV,2474726B2C303A303A342E30302C302E303030302C
03-04-2017 12:18:55.665,560,RECV,302E303030302C302E3030303030302C302E3030303030302C302E30302C302E30302C302E303030302C302C302C
03-04-2017 12:18:55.751,561,RECV,302C382C2C0D0A
03-04-2017 12:18:57.629,562,RECV,2474726B2C303A303A342E30302C302E30303030
03-04-2017 12:18:57.679,563,RECV,2C302E303030302C302E3030303030302C302E3030303030302C302E30302C302E30302C302E303030302C302C302C
03-04-2017 12:18:57.734,564,RECV,302C392C32312E38302C33342E38300D0A
03-04-2017 12:18:59.642,565,RECV,2474726B2C303A303A382E30302C302E30303030
03-04-2017 12:18:59.693,566,RECV,2C302E303030302C302E3030303030302C302E3030303030302C302E30302C302E30302C302E303030302C302C302C
03-04-2017 12:18:59.765,567,RECV,302C31302C32312E38302C33352E35300D0A
03-04-2017 12:19:01.659,568,RECV,2474726B2C303A303A382E30302C302E303030302C302E303030302C302E3030303030302C30
03-04-2017 12:19:01.709,569,RECV,2E3030303030302C302E30302C302E30302C302E303030302C302C302C302C31312C32312E38302C33352E37300D
03-04-2017 12:19:01.799,570,RECV,0A
03-04-2017 12:19:03.631,571,RECV,2474726B2C303A303A31322E30302C302E303030302C
03-04-2017 12:19:03.682,572,RECV,302E303030302C302E3030303030302C302E3030303030302C302E30302C302E30302C302E303030302C302C302C
03-04-2017 12:19:03.737,573,RECV,302C31322C32312E38302C33342E39300D0A
03-04-2017 12:19:05.644,574,RECV,2474726B2C303A303A31322E30302C302E303030302C302E303030302C302E3030303030302C302E3030
03-04-2017 12:19:05.694,575,RECV,303030302C302E30302C302E30302C302E303030302C302C302C302C31332C2C0D0A
03-04-2017 12:19:07.657,576,RECV,2474726B2C303A303A31362E30302C302E303030302C302E303030302C302E3030303030302C302E
03-04-2017 12:19:07.707,577,RECV,3030303030302C302E30302C302E30302C302E303030302C302C302C302C31342C32312E39302C33342E34300D0A
03-04-2017 12:19:09.618,578,RECV,2474726B2C303A303A3136
03-04-2017 12:19:09.669,579,RECV,2E30302C302E303030302C302E303030302C302E3030303030302C302E3030303030302C302E30302C302E30302C
03-04-2017 12:19:09.737,580,RECV,302E303030302C302C302C302C31352C32312E38302C33332E39300D0A
03-04-2017 12:19:11.631,581,RECV,2474726B2C303A303A32302E
03-04-2017 12:19:11.681,582,RECV,30302C302E303030302C302E303030302C302E3030303030302C302E3030303030302C302E30302C302E30302C30
03-04-2017 12:19:11.766,583,RECV,2E303030302C302C302C302C31362C32312E39302C33332E39300D0A
03-04-2017 12:19:13.648,584,RECV,2474726B2C303A303A32302E30302C302E303030302C302E30303030
03-04-2017 12:19:13.698,585,RECV,2C302E3030303030302C302E3030303030302C302E30302C302E30302C302E303030302C302C302C302C31372C3231
03-04-2017 12:19:13.748,586,RECV,2E38302C33332E38300D0A
03-04-2017 12:19:15.660,587,RECV,2474726B2C303A303A32342E30302C302E303030302C302E303030302C302E3030303030302C302E3030303030
03-04-2017 12:19:15.711,588,RECV,302C302E30302C302E30302C302E303030302C302C302C302C31382C32312E38302C33332E38300D0A
03-04-2017 12:19:17.625,589,RECV,2474726B2C303A303A32342E30302C30
03-04-2017 12:19:17.676,590,RECV,2E303030302C302E303030302C302E3030303030302C302E3030303030302C302E30302C302E30302C302E303030
03-04-2017 12:19:17.732,591,RECV,302C302C302C302C31392C32312E38302C33342E30300D0A
03-04-2017 12:19:19.641,592,RECV,2474726B2C303A303A32382E30302C302E303030302C302E303030302C302E3030
03-04-2017 12:19:19.691,593,RECV,303030302C302E3030303030302C302E30302C302E30302C302E303030302C302C302C302C32302C32312E38302C
03-04-2017 12:19:19.767,594,RECV,33332E38300D0A
03-04-2017 12:19:21.602,595,RECV,2474726B2C303A
03-04-2017 12:19:21.652,596,RECV,303A32382E30302C302E303030302C302E303030302C302E3030303030302C302E3030303030302C302E30302C30
03-04-2017 12:19:21.715,597,RECV,2E30302C302E303030302C302C302C302C32312C2C0D0A
03-04-2017 12:19:23.615,598,RECV,2474726B
03-04-2017 12:19:23.665,599,RECV,2C303A303A33322E30302C302E303030302C302E303030302C302E3030303030302C302E3030303030302C302E3030
03-04-2017 12:19:23.749,600,RECV,2C302E30302C302E303030302C302C302C302C32322C32312E38302C33332E37300D0A
03-04-2017 12:19:25.626,601,RECV,2474726B2C30
03-04-2017 12:19:25.676,602,RECV,3A303A33322E30302C302E303030302C302E303030302C302E3030303030302C302E3030303030302C302E30302C302E30302C302E303030302C302C302C
03-04-2017 12:19:25.730,603,RECV,302C32332C32312E38302C33332E34300D0A
03-04-2017 12:19:27.640,604,RECV,2474726B2C303A303A33362E30302C302E303030302C
03-04-2017 12:19:27.690,605,RECV,302E303030302C302E3030303030302C302E3030303030302C302E30302C302E30302C302E303030302C302C302C30
03-04-2017 12:19:27.771,606,RECV,2C32342C32312E39302C33352E35300D0A
03-04-2017 12:19:29.651,607,RECV,2474726B2C303A303A33362E30302C302E303030302C302E303030302C302E3030303030302C30
03-04-2017 12:19:29.702,608,RECV,2E3030303030302C302E30302C302E30302C302E303030302C302C302C302C32352C32312E38302C33342E38300D0A
03-04-2017 12:19:31.662,609,RECV,2474726B2C303A303A34302E30302C302E303030302C302E303030302C302E3030303030302C302E3030303030302C302E30302C302E3030
03-04-2017 12:19:31.712,610,RECV,2C302E303030302C302C302C302C32362C32312E38302C33342E37300D0A
03-04-2017 12:19:33.626,611,RECV,2474726B2C303A303A3430
03-04-2017 12:19:33.676,612,RECV,2E30302C302E303030302C302E303030302C302E3030303030302C302E3030303030302C302E30302C302E30302C
03-04-2017 12:19:33.763,613,RECV,302E303030302C302C302C302C32372C32312E38302C33352E35300D0A
03-04-2017 12:19:35.638,614,RECV,2474726B2C303A303A34342E30302C302E303030302C302E30303030
03-04-2017 12:19:35.688,615,RECV,2C302E3030303030302C302E3030303030302C302E30302C302E30302C302E303030302C302C302C302C32382C32
03-04-2017 12:19:35.741,616,RECV,312E39302C33342E38300D0A
03-04-2017 12:19:37.600,617,RECV,2474
03-04-2017 12:19:37.651,618,RECV,726B2C303A303A34342E30302C302E303030302C302E303030302C302E3030303030302C302E3030303030302C302E30302C302E30302C302E303030302C
03-04-2017 12:19:37.720,619,RECV,302C302C302C32392C2C0D0A
03-04-2017 12:19:39.664,620,RECV,2474726B2C303A303A34382E30302C302E303030302C302E303030302C302E3030303030302C302E303030303030
03-04-2017 12:19:39.715,621,RECV,2C302E30302C302E30302C302E303030302C302C302C302C33302C32312E39302C33342E30300D0A
03-04-2017 12:19:41.628,622,RECV,2474726B2C303A303A34382E30302C302E
03-04-2017 12:19:41.679,623,RECV,303030302C302E303030302C302E3030303030302C302E3030303030302C302E30302C302E30302C302E30303030
03-04-2017 12:19:41.737,624,RECV,2C302C302C302C33312C32312E39302C33332E39300D0A
03-04-2017 12:19:43.642,625,RECV,2474726B2C303A303A35322E30302C302E303030302C302E303030302C302E303030
03-04-2017 12:19:43.692,626,RECV,3030302C302E3030303030302C302E30302C302E30302C302E303030302C302C302C302C33322C32312E39302C33
03-04-2017 12:19:43.774,627,RECV,352E36300D0A
03-04-2017 12:19:45.605,628,RECV,2474726B
03-04-2017 12:19:45.655,629,RECV,2C303A303A35322E30302C302E303030302C302E303030302C302E3030303030302C302E3030303030302C302E30
03-04-2017 12:19:45.713,630,RECV,302C302E30302C302E303030302C302C302C302C33332C32312E39302C33352E36300D0A
03-04-2017 12:19:47.616,631,RECV,2474726B2C30
03-04-2017 12:19:47.666,632,RECV,3A303A35362E30302C302E303030302C302E303030302C302E3030303030302C302E3030303030302C302E30302C
03-04-2017 12:19:47.768,633,RECV,302E30302C302E303030302C302C302C302C33342C32312E39302C33352E36300D0A
03-04-2017 12:19:49.629,634,RECV,2474726B2C303A303A35362E30302C302E303030302C
03-04-2017 12:19:49.680,635,RECV,302E303030302C302E3030303030302C302E3030303030302C302E30302C302E30302C302E303030302C302C302C
03-04-2017 12:19:49.752,636,RECV,302C33352C32312E39302C33352E32300D0A
03-04-2017 12:19:51.644,637,RECV,2474726B2C303A303A36302E30302C302E303030302C302E303030302C302E3030303030302C30
03-04-2017 12:19:51.694,638,RECV,2E3030303030302C302E30302C302E30302C302E303030302C302C302C302C33362C32312E39302C33352E30300D
03-04-2017 12:19:51.770,639,RECV,0A
03-04-2017 12:19:53.607,640,RECV,2474726B2C303A303A36302E30
03-04-2017 12:19:53.657,641,RECV,302C302E303030302C302E303030302C302E3030303030302C302E3030303030302C302E30302C302E30302C302E303030302C302C302C302C33372C2C
03-04-2017 12:19:53.711,642,RECV,0D0A
03-04-2017 12:19:55.618,643,RECV,2474726B2C303A313A342E30
03-04-2017 12:19:55.668,644,RECV,302C302E303030302C302E303030302C302E3030303030302C302E3030303030302C302E30302C302E30302C302E
03-04-2017 12:19:55.746,645,RECV,303030302C302C302C302C33382C32312E39302C33342E37300D0A
03-04-2017 12:19:57.634,646,RECV,2474726B2C303A313A342E30302C302E303030302C302E303030302C30
03-04-2017 12:19:57.684,647,RECV,2E3030303030302C302E3030303030302C302E30302C302E30302C302E303030302C302C302C302C33392C32312E
03-04-2017 12:19:57.741,648,RECV,39302C33342E31300D0A
03-04-2017 12:19:59.646,649,RECV,2474726B2C303A313A382E30302C302E303030302C302E303030302C302E3030303030302C302E3030303030302C
03-04-2017 12:19:59.696,650,RECV,302E30302C302E30302C302E303030302C302C302C302C34302C32312E39302C33332E38300D0A
03-04-2017 12:20:01.608,651,RECV,24
03-04-2017 12:20:01.658,652,RECV,74726B2C303A313A382E30302C302E303030302C302E303030302C302E3030303030302C302E3030303030302C30
03-04-2017 12:20:01.734,653,RECV,2E30302C302E30302C302E303030302C302C302C302C34312C32312E39302C33332E35300D0A
03-04-2017 12:20:03.620,654,RECV,2474726B2C303A313A31322E30302C30
03-04-2017 12:20:03.671,655,RECV,2E303030302C302E303030302C302E3030303030302C302E3030303030302C302E30302C302E30302C302E303030
03-04-2017 12:20:03.762,656,RECV,302C302C302C302C34322C32312E39302C33332E34300D0A
03-04-2017 12:20:05.634,657,RECV,2474726B2C303A313A31322E30302C302E303030302C302E303030302C302E3030
03-04-2017 12:20:05.687,658,RECV,303030302C302E3030303030302C302E30302C302E30302C302E303030302C302C302C302C34332C32322E30302C
03-04-2017 12:20:05.743,659,RECV,33332E34300D0A
03-04-2017 12:20:07.601,660,RECV,2474726B
03-04-2017 12:20:07.652,661,RECV,2C303A313A31362E30302C302E303030302C302E303030302C302E3030303030302C302E3030303030302C302E30
03-04-2017 12:20:07.721,662,RECV,302C302E30302C302E303030302C302C302C302C34342C32312E39302C33332E32300D0A
03-04-2017 12:20:09.616,663,RECV,2474726B2C303A313A31362E30302C302E303030302C302E
03-04-2017 12:20:09.666,664,RECV,303030302C302E3030303030302C302E3030303030302C302E30302C302E30302C302E303030302C302C302C302C34352C2C0D0A
03-04-2017 12:20:11.630,665,RECV,2474726B2C303A313A32302E30302C302E303030302C
03-04-2017 12:20:11.680,666,RECV,302E303030302C302E3030303030302C302E3030303030302C302E30302C302E30302C302E303030302C302C302C
03-04-2017 12:20:11.741,667,RECV,302C34362C32322E30302C33332E32300D0A
03-04-2017 12:20:13.644,668,RECV,2474726B2C303A313A32302E30302C302E303030302C302E303030302C302E3030303030302C
03-04-2017 12:20:13.694,669,RECV,302E3030303030302C302E30302C302E30302C302E303030302C302C302C302C34372C32322E30302C33332E33300D
03-04-2017 12:20:13.767,670,RECV,0A
03-04-2017 12:20:15.607,671,RECV,2474726B2C303A313A
03-04-2017 12:20:15.658,672,RECV,32342E30302C302E303030302C302E303030302C302E3030303030302C302E3030303030302C302E30302C302E30
03-04-2017 12:20:15.708,673,RECV,302C302E303030302C302C302C302C34382C32322E30302C33332E30300D0A
03-04-2017 12:20:17.621,674,RECV,2474726B2C303A313A32
03-04-2017 12:20:17.671,675,RECV,342E30302C302E303030302C302E303030302C302E3030303030302C302E3030303030302C302E30302C302E30302C302E303030302C302C302C302C3439
03-04-2017 12:20:17.740,676,RECV,2C32322E30302C33332E34300D0A
03-04-2017 12:20:19.632,677,RECV,2474726B2C303A313A32382E30302C302E303030302C302E303030
03-04-2017 12:20:19.686,678,RECV,302C302E3030303030302C302E3030303030302C302E30302C302E30302C302E303030302C302C302C302C35302C
03-04-2017 12:20:19.772,679,RECV,32322E30302C33332E34300D0A
03-04-2017 12:20:21.649,680,RECV,2474726B2C303A313A32382E30302C302E303030302C302E303030302C302E3030303030302C302E30303030
03-04-2017 12:20:21.699,681,RECV,30302C302E30302C302E30302C302E303030302C302C302C302C35312C32322E30302C33332E31300D0A
03-04-2017 12:20:23.612,682,RECV,2474726B2C303A313A33322E30302C
03-04-2017 12:20:23.663,683,RECV,302E303030302C302E303030302C302E3030303030302C302E3030303030302C302E30302C302E30302C302E3030
03-04-2017 12:20:23.747,684,RECV,30302C302C302C302C35322C32322E30302C33322E36300D0A
03-04-2017 12:20:25.626,685,RECV,2474726B2C303A313A33322E30302C302E303030302C302E303030302C302E3030303030302C302E3030303030302C302E30
03-04-2017 12:20:25.677,686,RECV,302C302E30302C302E303030302C302C302C302C35332C2C0D0A
03-04-2017 12:20:27.643,687,RECV,2474726B2C303A313A33362E30302C302E303030302C302E303030302C302E3030303030302C302E3030303030302C30
03-04-2017 12:20:27.693,688,RECV,2E30302C302E30302C302E303030302C302C302C302C35342C32322E30302C33322E35300D0A
03-04-2017 12:20:29.605,689,RECV,247472
03-04-2017 12:20:29.655,690,RECV,6B2C303A313A33362E30302C302E303030302C302E303030302C302E3030303030302C302E3030303030302C302E
03-04-2017 12:20:29.710,691,RECV,30302C302E30302C302E303030302C302C302C302C35352C32322E31302C33322E38300D0A
03-04-2017 12:20:31.621,692,RECV,2474726B2C303A313A34302E30302C302E303030
03-04-2017 12:20:31.669,693,RECV,302C302E303030302C302E3030303030302C302E3030303030302C302E30302C302E30302C302E303030302C302C
03-04-2017 12:20:31.750,694,RECV,302C302C35362C32322E31302C33332E31300D0A
03-04-2017 12:20:33.635,695,RECV,2474726B2C303A313A34302E30302C302E303030302C302E303030302C302E303030303030
03-04-2017 12:20:33.686,696,RECV,2C302E3030303030302C302E30302C302E30302C302E303030302C302C302C302C35372C32322E31302C33322E39
03-04-2017 12:20:33.736,697,RECV,300D0A
03-04-2017 12:20:35.648,698,RECV,2474726B2C31313A32303A33352E30302C302E303030302C302E303030302C302E3030303030302C302E3030303030302C30
03-04-2017 12:20:35.698,699,RECV,2E30302C302E30302C302E303030302C302C302C302C35382C32322E32302C33332E30300D0A
03-04-2017 12:20:37.763,700,RECV,2474726B2C31
03-04-2017 12:20:37.813,701,RECV,313A32303A33352E30302C302E303030302C302E303030302C302E3030303030302C302E3030303030302C302E30
03-04-2017 12:20:37.898,702,RECV,302C302E30302C302E303030302C302C302C302C35392C32322E32302C33332E33300D0A
03-04-2017 12:20:39.626,703,RECV,2474726B2C31313A32303A33382E30302C302E303030
03-04-2017 12:20:39.676,704,RECV,302C302E303030302C302E3030303030302C302E3030303030302C302E30302C302E30302C302E303030302C302C30
03-04-2017 12:20:39.734,705,RECV,2C302C36302C32322E32302C33332E37300D0A
03-04-2017 12:20:41.588,706,RECV,2474726B2C31313A32303A
03-04-2017 12:20:41.638,707,RECV,33382E30302C302E303030302C302E303030302C302E3030303030302C302E3030303030302C302E30302C302E3030
03-04-2017 12:20:41.732,708,RECV,2C302E303030302C302C302C302C36312C2C0D0A
03-04-2017 12:20:43.651,709,RECV,2474726B2C31313A32303A34322E30302C302E303030302C302E303030302C302E3030303030302C302E3030303030302C302E30302C302E
03-04-2017 12:20:43.701,710,RECV,30302C302E303030302C302C302C302C36322C32322E32302C33342E33300D0A
03-04-2017 12:20:45.615,711,RECV,2474726B2C31313A32303A
03-04-2017 12:20:45.666,712,RECV,34322E30302C302E303030302C302E303030302C302E3030303030302C302E3030303030302C302E30302C302E30
03-04-2017 12:20:45.742,713,RECV,302C302E303030302C302C302C302C36332C32322E33302C33352E30300D0A
03-04-2017 12:20:47.630,714,RECV,2474726B2C31313A32303A34362E30302C302E303030302C302E3030
03-04-2017 12:20:47.681,715,RECV,30302C302E3030303030302C302E3030303030302C302E30302C302E30302C302E303030302C302C302C302C3634
03-04-2017 12:20:47.772,716,RECV,2C32322E33302C33352E35300D0A
03-04-2017 12:20:49.642,717,RECV,2474726B2C31313A32303A34362E30302C302E303030302C302E303030302C302E3030303030302C302E303030
03-04-2017 12:20:49.692,718,RECV,3030302C302E30302C302E30302C302E303030302C302C302C302C36352C32322E33302C33352E36300D0A
03-04-2017 12:20:51.655,719,RECV,2474726B2C31313A32303A35302E30302C302E303030302C302E303030302C302E3030303030302C302E3030303030302C302E30302C302E30302C302E
03-04-2017 12:20:51.706,720,RECV,303030302C302C302C302C36362C32322E33302C33342E37300D0A
03-04-2017 12:20:53.616,721,RECV,2474726B2C31313A32303A35302E30302C
03-04-2017 12:20:53.666,722,RECV,302E303030302C302E303030302C302E3030303030302C302E3030303030302C302E30302C302E30302C302E3030
03-04-2017 12:20:53.743,723,RECV,30302C302C302C302C36372C32322E33302C33342E32300D0A
03-04-2017 12:20:55.630,724,RECV,2474726B2C31313A32303A35342E30302C302E303030302C302E303030302C302E
03-04-2017 12:20:55.682,725,RECV,3030303030302C302E3030303030302C302E30302C302E30302C302E303030302C302C302C302C36382C32322E33
03-04-2017 12:20:55.733,726,RECV,302C33342E32300D0A
03-04-2017 12:20:57.595,727,RECV,2474726B2C31313A32303A35342E30302C302E30303030
03-04-2017 12:20:57.646,728,RECV,2C302E303030302C302E3030303030302C302E3030303030302C302E30302C302E30302C302E303030302C302C30
03-04-2017 12:20:57.706,729,RECV,2C302C36392C2C0D0A
03-04-2017 12:20:59.608,730,RECV,2474726B2C
03-04-2017 12:20:59.658,731,RECV,31313A32303A35382E30302C302E303030302C302E303030302C302E3030303030302C302E3030303030302C302E
03-04-2017 12:20:59.734,732,RECV,30302C302E30302C302E303030302C302C302C302C37302C32322E33302C33342E30300D0A
03-04-2017 12:21:01.617,733,RECV,2474726B2C31313A32303A35382E30302C302E303030
03-04-2017 12:21:01.668,734,RECV,302C302E303030302C302E3030303030302C302E3030303030302C302E30302C302E30302C302E303030302C302C
03-04-2017 12:21:01.718,735,RECV,302C302C37312C32322E33302C33342E31300D0A
03-04-2017 12:21:03.631,736,RECV,2474726B2C31313A32313A322E30302C302E303030302C302E303030302C302E3030303030302C30
03-04-2017 12:21:03.681,737,RECV,2E3030303030302C302E30302C302E30302C302E303030302C302C302C302C37322C32322E33302C33342E36300D
03-04-2017 12:21:03.761,738,RECV,0A
03-04-2017 12:21:05.642,739,RECV,2474726B2C31313A32313A322E30302C302E303030302C302E303030302C302E3030303030302C302E
03-04-2017 12:21:05.692,740,RECV,3030303030302C302E30302C302E30302C302E303030302C302C302C302C37332C32322E33302C33332E37300D0A
03-04-2017 12:21:07.604,741,RECV,2474726B2C31313A32313A36
03-04-2017 12:21:07.654,742,RECV,2E30302C302E303030302C302E303030302C302E3030303030302C302E3030303030302C302E30302C302E30302C
03-04-2017 12:21:07.722,743,RECV,302E303030302C302C302C302C37342C32322E33302C33332E35300D0A
03-04-2017 12:21:09.614,744,RECV,2474726B2C31313A32313A362E
03-04-2017 12:21:09.665,745,RECV,30302C302E303030302C302E303030302C302E3030303030302C302E3030303030302C302E30302C302E30302C302E303030302C302C302C302C37352C
03-04-2017 12:21:09.758,746,RECV,32322E33302C33332E33300D0A
03-04-2017 12:21:11.627,747,RECV,2474726B2C31313A32313A31312E30302C302E303030302C302E3030
03-04-2017 12:21:11.677,748,RECV,30302C302E3030303030302C302E3030303030302C302E30302C302E30302C302E303030302C302C302C302C3736
03-04-2017 12:21:11.750,749,RECV,2C32322E33302C33332E33300D0A
03-04-2017 12:21:13.592,750,RECV,2474726B2C31313A32313A31312E30302C30
03-04-2017 12:21:13.643,751,RECV,2E303030302C302E303030302C302E3030303030302C302E3030303030302C302E30302C302E30302C302E303030
03-04-2017 12:21:13.732,752,RECV,302C302C302C302C37372C2C0D0A
03-04-2017 12:21:15.606,753,RECV,2474726B2C31313A32313A31342E3030
03-04-2017 12:21:15.657,754,RECV,2C302E303030302C302E303030302C302E3030303030302C302E3030303030302C302E30302C302E30302C302E30
03-04-2017 12:21:15.712,755,RECV,3030302C302C302C302C37382C32322E33302C33332E31300D0A
03-04-2017 12:21:17.616,756,RECV,2474726B2C31313A32313A31342E30302C
03-04-2017 12:21:17.667,757,RECV,302E303030302C302E303030302C302E3030303030302C302E3030303030302C302E30302C302E30302C302E3030
03-04-2017 12:21:17.740,758,RECV,30302C302C302C302C37392C32322E33302C33332E31300D0A
03-04-2017 12:21:19.632,759,RECV,2474726B2C31313A32313A31392E30302C302E303030302C302E303030302C302E30
03-04-2017 12:21:19.682,760,RECV,30303030302C302E3030303030302C302E30302C302E30302C302E303030302C302C302C302C38302C32322E3330
03-04-2017 12:21:19.767,761,RECV,2C33322E39300D0A
03-04-2017 12:21:21.592,762,RECV,2474726B
03-04-2017 12:21:21.642,763,RECV,2C31313A32313A31392E30302C302E303030302C302E303030302C302E3030303030302C302E3030303030302C30
03-04-2017 12:21:21.707,764,RECV,2E30302C302E30302C302E303030302C302C302C302C38312C32322E33302C33322E38300D0A
03-04-2017 12:21:23.607,765,RECV,2474726B2C31
03-04-2017 12:21:23.657,766,RECV,313A32313A32332E30302C302E303030302C302E303030302C302E3030303030302C302E3030303030302C302E30302C302E30302C302E303030302C302C
03-04-2017 12:21:23.745,767,RECV,302C302C38322C32322E33302C33322E37300D0A
03-04-2017 12:21:25.619,768,RECV,2474726B2C31313A32313A32332E30302C302E30303030
03-04-2017 12:21:25.669,769,RECV,2C302E303030302C302E3030303030302C302E3030303030302C302E30302C302E30302C302E303030302C302C30
03-04-2017 12:21:25.719,770,RECV,2C302C38332C32322E33302C33322E38300D0A
03-04-2017 12:21:27.630,771,RECV,2474726B2C31313A32313A32342E30302C302E303030302C302E303030302C302E3030303030302C
03-04-2017 12:21:27.681,772,RECV,302E3030303030302C302E30302C302E30302C302E303030302C302C302C302C38342C32322E33302C33322E3830
03-04-2017 12:21:27.747,773,RECV,0D0A
03-04-2017 12:21:29.593,774,RECV,2474726B2C31313A32313A32362E
03-04-2017 12:21:29.644,775,RECV,30302C302E303030302C302E303030302C302E3030303030302C302E3030303030302C302E30302C302E30302C302E303030302C302C302C302C38352C
03-04-2017 12:21:29.730,776,RECV,2C0D0A
03-04-2017 12:21:31.607,777,RECV,2474726B2C31313A32313A
03-04-2017 12:21:31.657,778,RECV,32382E30302C302E303030302C302E303030302C302E3030303030302C302E3030303030302C302E30302C302E3030
03-04-2017 12:21:31.713,779,RECV,2C302E303030302C302C302C302C38362C32322E33302C33322E38300D0A
03-04-2017 12:21:33.622,780,RECV,2474726B2C31313A32313A33302E30302C302E303030302C302E3030
03-04-2017 12:21:33.673,781,RECV,30302C302E3030303030302C302E3030303030302C302E30302C302E30302C302E303030302C332C302C302C3837
03-04-2017 12:21:33.759,782,RECV,2C32322E33302C33322E37300D0A
03-04-2017 12:21:35.636,783,RECV,2474726B2C31313A32313A33332E30302C302E303030302C302E303030302C302E3030303030302C302E303030
03-04-2017 12:21:35.686,784,RECV,3030302C302E30302C302E30302C302E303030302C332C302C302C38382C32322E33302C33322E37300D0A
03-04-2017 12:21:37.648,785,RECV,2474726B2C31313A32313A33352E30302C302E303030302C302E303030302C302E3030303030302C302E3030303030302C302E30302C302E30302C302E30
03-04-2017 12:21:37.699,786,RECV,3030302C332C302C302C38392C32322E33302C33322E39300D0A
03-04-2017 12:21:39.608,787,RECV,2474726B2C31313A32313A33362E30302C
03-04-2017 12:21:39.658,788,RECV,302E303030302C302E303030302C302E3030303030302C302E3030303030302C302E30302C302E30302C302E3030
03-04-2017 12:21:39.736,789,RECV,30302C332C302C302C39302C32322E33302C33322E39300D0A
03-04-2017 12:21:41.618,790,RECV,2474726B2C31313A32313A33392E30302C302E303030302C302E303030302C302E30
03-04-2017 12:21:41.669,791,RECV,30303030302C302E3030303030302C302E30302C302E30302C302E303030302C332C302C302C39312C32322E3330
03-04-2017 12:21:41.726,792,RECV,2C33322E39300D0A
03-04-2017 12:21:43.632,793,RECV,2474726B2C31313A32313A34312E30302C302E303030302C302E303030302C302E3030
03-04-2017 12:21:43.683,794,RECV,303030302C302E3030303030302C302E30302C302E30302C302E303030302C332C302C302C39322C32322E33302C33332E31300D0A
03-04-2017 12:21:45.594,795,RECV,2474726B2C31313A32313A34322E30302C302E303030302C
03-04-2017 12:21:45.644,796,RECV,302E303030302C302E3030303030302C302E3030303030302C302E30302C302E30302C302E303030302C332C302C
03-04-2017 12:21:45.697,797,RECV,302C39332C2C0D0A
03-04-2017 12:21:47.605,798,RECV,2474726B2C31313A32313A34352E30302C302E303030
03-04-2017 12:21:47.656,799,RECV,302C302E303030302C302E3030303030302C302E3030303030302C302E30302C302E30302C302E303030302C332C
03-04-2017 12:21:47.733,800,RECV,302C302C39342C32322E33302C33332E31300D0A
03-04-2017 12:21:49.617,801,RECV,2474726B2C31313A32313A34372E30302C302E30303030
03-04-2017 12:21:49.668,802,RECV,2C302E303030302C302E3030303030302C302E3030303030302C302E30302C302E30302C302E303030302C332C302C
03-04-2017 12:21:49.755,803,RECV,302C39352C32322E33302C33332E30300D0A
03-04-2017 12:21:51.630,804,RECV,2474726B2C31313A32313A34382E30302C302E303030302C302E303030302C302E3030303030302C
03-04-2017 12:21:51.680,805,RECV,302E3030303030302C302E30302C302E30302C302E303030302C332C302C302C39362C32322E33302C33332E30300D
03-04-2017 12:21:51.734,806,RECV,0A
03-04-2017 12:21:53.595,807,RECV,2474726B2C31313A32313A
03-04-2017 12:21:53.645,808,RECV,35322E30302C302E303030302C302E303030302C302E3030303030302C302E3030303030302C302E30302C302E30
03-04-2017 12:21:53.719,809,RECV,302C302E303030302C332C302C302C39372C32322E33302C33322E37300D0A
03-04-2017 14:27:28.133,810,RECV,2474726B2C31333A32373A32372E30302C343834372E313234352C393137
03-04-2017 14:27:28.196,811,RECV,2E313230392C34382E3738353430382C392E3238353334392C3435342E30302C302E36322C3330392E333430302C
03-04-2017 14:27:28.258,812,RECV,31302C302C312C3735342C31392E38302C32342E33300D0A
03-04-2017 14:27:34.013,813,RECV,2474726B2C31333A32373A33332E30302C343834372E313430362C3931372E303834302C34382E3738353637392C39
03-04-2017 14:27:34.077,814,RECV,2E3238343733332C3436372E34302C302E36322C3330392E333430302C31302C302C312C3735372C2C0D0A
03-04-2017 14:27:40.140,815,RECV,2474726B2C31333A32373A33392E30302C343834372E313534332C3931372E303434392C34382E3738353930342C392E32383430
03-04-2017 14:27:40.203,816,RECV,38322C3439372E31302C302E36322C3330392E333430302C31302C302C312C3736302C31382E38302C32322E33300D0A
03-04-2017 14:27:42.198,817,RECV,2474726B2C31333A32373A34312E30302C343834372E313539322C3931372E303338362C34382E373835
03-04-2017 14:27:42.260,818,RECV,3938382C392E3238333937372C3530362E36302C302E36322C3330392E333430302C31302C302C312C3736312C31382E34302C32312E39300D0A
03-04-2017 14:27:46.038,819,RECV,2474726B2C31333A32373A34352E30302C343834372E313639342C3931372E303238382C34382E3738363135362C392E32383338
03-04-2017 14:27:46.101,820,RECV,31332C3532352E38302C302E36322C3330392E333430302C31302C302C312C3736332C31372E38302C32322E31300D0A
03-04-2017 14:27:48.151,821,RECV,2474726B2C
03-04-2017 14:27:48.202,822,RECV,31333A32373A34372E30302C343834372E313733332C3931372E303230302C34382E3738363232312C392E323833
03-04-2017 14:27:48.264,823,RECV,3636372C3533352E36302C302E36322C3330392E333430302C31302C302C312C3736342C31372E38302C32312E38300D0A
03-04-2017 14:27:49.986,824,RECV,2474726B2C31333A32373A34392E30302C343834372E313738372C39
03-04-2017 14:27:50.049,825,RECV,31372E303134332C34382E3738363331322C392E3238333537312C3534352E36302C302E36322C3330392E333430302C31302C302C312C3736352C2C0D
03-04-2017 14:27:50.111,826,RECV,0A
03-04-2017 14:27:52.112,827,RECV,2474726B
03-04-2017 14:27:52.176,828,RECV,2C31333A32373A35312E30302C343834372E313832362C3931372E303035302C34382E3738363337372C392E3238333431372C3535382E39302C302E3632
03-04-2017 14:27:52.238,829,RECV,2C3330392E333430302C31302C302C312C3736362C31382E31302C32312E39300D0A
03-04-2017 14:27:54.043,830,RECV,2474726B2C31
03-04-2017 14:27:54.107,831,RECV,333A32373A35332E30302C343834372E313837302C3931362E393935392C34382E3738363434392C392E3238333236352C3536372E31302C302E36322C
03-04-2017 14:27:54.169,832,RECV,3330392E333430302C31302C302C312C3736372C31382E30302C32322E31300D0A
03-04-2017 14:27:58.050,833,RECV,2474726B2C31333A32373A35372E30302C343834372E313936382C3931362E393637342C34382E3738363631332C392E3238323739302C3538322E38
03-04-2017 14:27:58.112,834,RECV,302C302E36322C3330392E333430302C31302C302C312C3736392C31372E35302C32312E39300D0A
03-04-2017 14:28:01.979,835,RECV,247472
03-04-2017 14:28:02.041,836,RECV,6B2C31333A32383A312E30302C343834372E313938322C3931362E393430362C34382E3738363633362C392E3238323334342C3539352E30302C302E3632
03-04-2017 14:28:02.104,837,RECV,2C3330392E333430302C31302C302C312C3737312C31372E32302C32322E31300D0A
03-04-2017 14:28:04.104,838,RECV,2474726B2C31333A32383A332E30302C343834372E323032
03-04-2017 14:28:04.167,839,RECV,312C3931362E393332312C34382E3738363730312C392E3238323230312C3630312E36302C302E36322C3330392E
03-04-2017 14:28:04.229,840,RECV,333430302C31302C302C312C3737322C31372E33302C32322E32300D0A
03-04-2017 14:28:12.116,841,RECV,2474726B2C31333A32383A31312E30302C34
03-04-2017 14:28:12.179,842,RECV,3834372E323237312C3931362E383937342C34382E3738373131372C392E3238313632332C3636352E33302C302E36322C3330392E333430302C31302C30
03-04-2017 14:28:12.241,843,RECV,2C312C3737362C31372E30302C32312E33300D0A
03-04-2017 14:28:14.025,844,RECV,2474726B2C31333A32383A31332E30302C343834372E323331392C3931362E383836342C34382E3738
03-04-2017 14:28:14.089,845,RECV,373139372C392E3238313434302C3638332E32302C302E36322C3330392E333430302C31302C302C312C3737372C31362E37302C32312E30300D0A
03-04-2017 14:28:15.993,846,RECV,2474726B2C31333A32383A
03-04-2017 14:28:16.055,847,RECV,31352E30302C343834372E323337382C3931362E383738392C34382E3738373239362C392E3238313331352C3730322E30302C302E36322C3330392E3334
03-04-2017 14:28:16.118,848,RECV,30302C31302C302C312C3737382C31362E34302C32302E37300D0A
03-04-2017 14:28:19.984,849,RECV,2474726B2C31333A32383A31392E
03-04-2017 14:28:20.034,850,RECV,30302C343834372E323531352C3931362E383539342C34382E3738373532352C392E3238303939302C3734322E34
03-04-2017 14:28:20.097,851,RECV,302C302E36322C3330392E333430302C31302C302C312C3738302C31352E38302C32302E33300D0A
03-04-2017 14:28:21.972,852,RECV,2474726B2C31333A32383A32312E30302C3438
03-04-2017 14:28:22.034,853,RECV,34372E323539382C3931362E383530332C34382E3738373636332C392E3238303833382C3736312E38302C302E36322C3330392E333430302C31302C30
03-04-2017 14:28:22.097,854,RECV,2C312C3738312C2C0D0A
03-04-2017 14:28:24.035,855,RECV,2474726B2C31333A32383A
03-04-2017 14:28:24.097,856,RECV,32332E30302C343834372E323637312C3931362E383431322C34382E3738373738352C392E3238303638362C3738
03-04-2017 14:28:24.160,857,RECV,332E39302C302E36322C3330392E333430302C31302C302C312C3738322C31352E35302C32302E32300D0A
03-04-2017 14:28:28.210,858,RECV,2474726B2C31333A32383A32372E30302C343834372E323832372C3931362E383133332C34382E37
03-04-2017 14:28:28.273,859,RECV,38383034342C392E3238303232322C3831342E34302C302E36322C3330392E333430302C31302C302C312C3738342C31342E38302C31392E36300D0A
03-04-2017 14:28:32.023,860,RECV,2474726B2C31333A32383A33312E30302C343834372E323933392C3931362E373932302C34382E3738383233312C392E3237393836
03-04-2017 14:28:32.088,861,RECV,362C3833382E38302C302E36322C3330392E333430302C31302C302C312C3738362C31342E35302C31382E39300D0A
03-04-2017 14:28:34.139,862,RECV,2474726B2C31333A32383A33332E30302C343834372E333033322C3931362E373832332C34382E373838333837
03-04-2017 14:28:34.201,863,RECV,2C392E3237393730352C3835342E30302C302E36322C3330392E333430302C31302C302C312C3738372C31342E36302C31382E36300D0A
03-04-2017 14:28:46.184,864,RECV,2474726B2C31333A32383A34352E30302C343834372E333636322C3931362E373033322C
03-04-2017 14:28:46.249,865,RECV,34382E3738393433362C392E3237383338362C3936372E32302C302E36322C3330392E333430302C31302C302C312C3739332C31342E34302C31352E3730
03-04-2017 14:28:46.311,866,RECV,0D0A
03-04-2017 14:28:47.999,867,RECV,2474726B2C31333A32383A34372E30302C343834372E333733352C3931362E363837
03-04-2017 14:28:48.064,868,RECV,352C34382E3738393535382C392E3237383132352C3938312E38302C302E36322C3330392E333430302C31302C302C312C3739342C31342E34302C3135
03-04-2017 14:28:48.126,869,RECV,2E37300D0A
03-04-2017 14:28:54.002,870,RECV,2474726B2C31333A32383A35332E30302C343834372E343033382C3931362E363437342C34382E3739303036322C392E323737343536
03-04-2017 14:28:54.067,871,RECV,2C313032392E31302C302E36322C3330392E333430302C31302C302C312C3739372C2C0D0A
03-04-2017 14:28:58.056,872,RECV,2474726B2C31333A32383A35372E30302C343834372E343233382C3931362E363331332C34
03-04-2017 14:28:58.119,873,RECV,382E3739303339382C392E3237373138382C313036342E35302C302E36322C3330392E333430302C31302C302C312C3739392C31342E35302C31352E3430
03-04-2017 14:28:58.181,874,RECV,0D0A
03-04-2017 14:29:00.032,875,RECV,2474726B2C31333A32383A35392E30302C343834372E343332312C3931362E363232382C34382E3739303533352C392E3237373034372C31
03-04-2017 14:29:00.095,876,RECV,3038322E31302C302E36322C3330392E333430302C31302C302C312C3830302C31342E31302C31352E31300D0A
03-04-2017 14:29:09.958,877,RECV,2474726B2C
03-04-2017 14:29:10.021,878,RECV,31333A32393A392E30302C343834372E343734362C3931362E353638392C34382E3739313234352C392E3237363134392C313136342E35302C302E36322C
03-04-2017 14:29:10.083,879,RECV,3330392E333430302C31302C302C312C3830352C2C0D0A
03-04-2017 14:29:18.012,880,RECV,2474726B2C31333A32393A31372E30302C343834372E353137362C3931362E353139392C34
03-04-2017 14:29:18.074,881,RECV,382E3739313935382C392E3237353333312C313232362E37302C302E36322C3330392E333430302C31302C302C312C3830392C31332E34302C31352E3130
03-04-2017 14:29:18.137,882,RECV,0D0A
03-04-2017 14:29:31.990,883,RECV,2474726B2C31333A32393A33312E30302C343834372E353931332C3931362E
03-04-2017 14:29:32.055,884,RECV,343437332C34382E3739333139302C392E3237343132312C313332372E30302C302E36322C3330392E333430302C31312C302C312C3831362C31322E3630
03-04-2017 14:29:32.117,885,RECV,2C31352E31300D0A
03-04-2017 14:29:33.980,886,RECV,2474726B2C31333A32393A33332E30302C
03-04-2017 14:29:34.042,887,RECV,343834372E363034352C3931362E343334372C34382E3739333430372C392E3237333931312C313334312E30302C302E36322C3330392E333430302C3131
03-04-2017 14:29:34.105,888,RECV,2C302C312C3831372C31322E35302C31352E31300D0A
03-04-2017 14:29:35.980,889,RECV,2474726B2C31333A32393A33352E30302C3438
03-04-2017 14:29:36.044,890,RECV,34372E363136322C3931362E343236332C34382E3739333630322C392E3237333737312C313335352E37302C302E36322C3330392E333430302C31312C
03-04-2017 14:29:36.106,891,RECV,302C312C3831382C31322E31302C31342E38300D0A
03-04-2017 14:29:38.044,892,RECV,2474726B2C31333A32393A33372E30302C343834372E363236352C3931
03-04-2017 14:29:38.107,893,RECV,362E343230382C34382E3739333737342C392E3237333638302C313336392E37302C302E36322C3330392E333430302C31312C302C312C3831392C3132
03-04-2017 14:29:38.170,894,RECV,2E31302C31352E30300D0A
03-04-2017 14:29:42.021,895,RECV,2474726B2C31333A32393A34312E30302C343834372E363433362C
03-04-2017 14:29:42.084,896,RECV,3931362E343037322C34382E3739343036302C392E3237333435342C313339362E33302C302E36322C3330392E333430302C31312C302C312C3832312C2C
03-04-2017 14:29:42.146,897,RECV,0D0A
03-04-2017 14:29:46.022,898,RECV,2474726B2C31333A32393A34352E30302C343834372E363635352C3931362E333834342C34382E3739343432362C392E3237333037332C31
03-04-2017 14:29:46.084,899,RECV,3432372E30302C302E36322C3330392E333430302C31312C302C312C3832332C31312E38302C31352E33300D0A
03-04-2017 14:29:52.010,900,RECV,2474726B2C31333A32393A35312E30302C343834372E373030322C3931362E333631322C34382E373935303032
03-04-2017 14:29:52.072,901,RECV,2C392E3237323638372C313437342E34302C302E36322C3330392E333430302C31312C302C312C3832362C31302E38302C31342E34300D0A
03-04-2017 14:29:54.135,902,RECV,2474726B2C31333A32393A35332E30302C343834372E373131342C3931362E333538312C34382E3739353138392C
03-04-2017 14:29:54.197,903,RECV,392E3237323633352C313438372E38302C302E36322C3330392E333430302C31312C302C312C3832372C31302E37302C31342E35300D0A
03-04-2017 14:30:02.187,904,RECV,2474726B2C31333A33303A312E30302C343834372E373537332C3931362E333138392C34382E3739353935362C392E3237313938
03-04-2017 14:30:02.249,905,RECV,322C313533382E39302C302E36322C3330392E333430302C31312C302C312C3833312C31302E34302C31342E37300D0A
03-04-2017 14:30:04.124,906,RECV,2474726B2C31333A33303A332E30302C343834372E373637362C3931362E333035392C34382E3739363132372C392E32
03-04-2017 14:30:04.188,907,RECV,37313736352C313535302E32302C302E36322C3330392E333430302C31312C302C312C3833322C31302E31302C31342E36300D0A
03-04-2017 14:30:12.001,908,RECV,2474726B2C31333A33303A31312E30302C343834372E383132352C3931362E323733322C34382E3739363837
03-04-2017 14:30:12.055,909,RECV,352C392E3237313232302C313631332E37302C302E36322C3330392E333430302C31312C302C312C3833362C392E
03-04-2017 14:30:12.117,910,RECV,37302C31352E38300D0A
03-04-2017 14:30:13.977,911,RECV,2474726B2C31333A33303A31332E30302C343834372E383236372C3931362E32
03-04-2017 14:30:14.040,912,RECV,3638372C34382E3739373131322C392E3237313134352C313632392E32302C302E36322C3330392E333430302C31312C302C312C3833372C2C0D0A
03-04-2017 14:30:22.117,913,RECV,2474726B2C31333A33303A32312E30302C343834372E383830392C3931362E323335372C34382E3739383031362C392E3237303539362C31363833
03-04-2017 14:30:22.179,914,RECV,2E37302C302E36322C3330392E333430302C31312C302C312C3834312C392E38302C31362E38300D0A
03-04-2017 14:30:23.992,915,RECV,2474726B2C31333A33303A32332E30302C343834372E383933362C3931362E323333362C34
03-04-2017 14:30:24.055,916,RECV,382E3739383232352C392E3237303535392C313639362E38302C302E36322C3330392E333430302C31312C302C312C3834322C392E35302C31362E3630
03-04-2017 14:30:24.118,917,RECV,0D0A
03-04-2017 14:30:27.981,918,RECV,2474726B2C31333A33303A32372E30302C343834372E3932
03-04-2017 14:30:28.043,919,RECV,30342C3931362E323231392C34382E3739383637322C392E3237303336362C313732362E35302C302E36322C3330392E333430302C31312C302C312C38
03-04-2017 14:30:28.106,920,RECV,34342C382E38302C31362E31300D0A
03-04-2017 14:30:29.969,921,RECV,2474726B2C31333A33303A32392E30302C343834372E393332362C
03-04-2017 14:30:30.031,922,RECV,3931362E323230392C34382E3739383837382C392E3237303334392C313734302E39302C302E36322C3330392E333430302C31312C302C312C3834352C2C
03-04-2017 14:30:30.094,923,RECV,0D0A
03-04-2017 14:30:31.969,924,RECV,2474726B2C31333A33303A
03-04-2017 14:30:32.031,925,RECV,33312E30302C343834372E393435382C3931362E323232362C34382E3739393039352C392E3237303337362C313735332E38302C302E36322C3330392E33
03-04-2017 14:30:32.094,926,RECV,3430302C31312C302C312C3834362C382E39302C31362E33300D0A
03-04-2017 14:30:36.019,927,RECV,2474726B2C31333A33303A33352E30302C343834372E393738302C3931362E323231322C34382E3739393633332C392E3237303335332C313737382E
03-04-2017 14:30:36.082,928,RECV,38302C302E36322C3330392E333430302C31312C302C312C3834382C382E32302C31362E32300D0A
03-04-2017 14:30:39.945,929,RECV,24
03-04-2017 14:30:39.995,930,RECV,74726B2C31333A33303A33392E30302C343834382E303037332C3931362E323137302C34382E3830303132312C39
03-04-2017 14:30:40.058,931,RECV,2E3237303238332C313830392E32302C302E36322C3330392E333430302C31312C302C312C3835302C382E31302C31352E35300D0A
03-04-2017 14:30:41.988,932,RECV,2474726B2C31333A33303A34312E30302C343834382E303230352C3931362E323137
03-04-2017 14:30:42.050,933,RECV,332C34382E3830303334332C392E3237303238382C313831352E34302C302E36322C3330392E333430302C31312C302C312C3835312C382E31302C3136
03-04-2017 14:30:42.113,934,RECV,2E37300D0A
03-04-2017 14:30:45.990,935,RECV,2474726B2C
03-04-2017 14:30:46.053,936,RECV,31333A33303A34352E30302C343834382E303439382C3931362E323234322C34382E3830303833312C392E3237303430332C313832382E39302C302E36
03-04-2017 14:30:46.115,937,RECV,322C3330392E333430302C31312C302C312C3835332C2C0D0A
03-04-2017 14:30:47.990,938,RECV,2474726B2C31333A33303A34372E30302C343834382E303637342C3931362E323232342C3438
03-04-2017 14:30:48.053,939,RECV,2E3830313132352C392E3237303337332C313834332E37302C302E36322C3330392E333430302C31312C302C312C3835342C372E37302C31362E37300D
03-04-2017 14:30:48.115,940,RECV,0A
03-04-2017 14:30:49.979,941,RECV,2474726B2C31333A33303A34392E30302C343834382E3038
03-04-2017 14:30:50.042,942,RECV,33302C3931362E323136362C34382E3830313338342C392E3237303237372C313835382E34302C302E36322C3330392E333430302C31312C302C312C38
03-04-2017 14:30:50.105,943,RECV,35352C372E34302C31362E38300D0A
03-04-2017 14:30:53.977,944,RECV,2474726B2C31333A33303A35332E30302C343834382E31313333
03-04-2017 14:30:54.040,945,RECV,2C3931362E323036352C34382E3830313838382C392E3237303130382C313838382E36302C302E36322C3330392E333430302C31312C302C312C3835372C
03-04-2017 14:30:54.102,946,RECV,372E33302C31372E31300D0A
03-04-2017 14:30:56.153,947,RECV,2474726B2C31333A33303A35352E30302C343834382E313237342C3931362E323031332C
03-04-2017 14:30:56.203,948,RECV,34382E3830323132342C392E3237303032312C313930312E35302C302E36322C3330392E333430302C31312C302C
03-04-2017 14:30:56.265,949,RECV,312C3835382C372E31302C31372E31300D0A
03-04-2017 14:30:58.077,950,RECV,2474726B2C31333A33303A35372E30302C
03-04-2017 14:30:58.140,951,RECV,343834382E313435302C3931362E313937342C34382E3830323431382C392E3236393935372C313931352E37302C302E36322C3330392E333430302C3131
03-04-2017 14:30:58.202,952,RECV,2C302C312C3835392C372E32302C31372E34300D0A
03-04-2017 14:30:59.957,953,RECV,2474726B2C31333A33303A35392E30
03-04-2017 14:31:00.020,954,RECV,302C343834382E313633312C3931362E313938362C34382E3830323731392C392E3236393937372C313933302E37302C302E36322C3330392E33343030
03-04-2017 14:31:00.082,955,RECV,2C31312C302C312C3836302C372E31302C31372E35300D0A
03-04-2017 14:31:01.960,956,RECV,2474726B2C31333A33313A312E30302C343834382E313830372C3931362E313937382C
03-04-2017 14:31:02.022,957,RECV,34382E3830333031332C392E3236393936332C313934362E37302C302E36322C3330392E333430302C31312C302C312C3836312C2C0D0A
03-04-2017 14:31:03.951,958,RECV,247472
03-04-2017 14:31:04.014,959,RECV,6B2C31333A33313A332E30302C343834382E313938372C3931362E323030332C34382E3830333331302C392E3237303030352C313936322E35302C302E36
03-04-2017 14:31:04.076,960,RECV,322C3330392E333430302C31312C302C312C3836322C372E30302C31372E37300D0A
03-04-2017 14:31:06.064,961,RECV,2474726B2C31333A33
03-04-2017 14:31:06.115,962,RECV,313A352E30302C343834382E323136382C3931362E323030372C34382E3830333631322C392E3237303031312C31
03-04-2017 14:31:06.177,963,RECV,3937372E32302C302E36322C3330392E333430302C31312C302C312C3836332C372E30302C31382E30300D0A
03-04-2017 14:31:08.037,964,RECV,2474726B2C31333A33313A372E30302C343834382E3233
03-04-2017 14:31:08.101,965,RECV,37332C3931362E323030332C34382E3830333935352C392E3237303030352C313939302E37302C302E36322C3330392E333430302C31312C302C312C38
03-04-2017 14:31:08.163,966,RECV,36342C362E37302C31372E38300D0A
03-04-2017 14:31:09.976,967,RECV,2474726B2C31333A33313A392E30302C343834382E323537332C3931362E313938322C34382E
03-04-2017 14:31:10.038,968,RECV,3830343238372C392E3236393937302C323030352E32302C302E36322C3330392E333430302C31312C302C312C38
03-04-2017 14:31:10.101,969,RECV,36352C362E33302C31372E35300D0A
03-04-2017 14:31:11.967,970,RECV,2474726B2C31333A33313A31312E30302C343834382E32
03-04-2017 14:31:12.030,971,RECV,3735342C3931362E313933352C34382E3830343538382C392E3236393839322C323031392E37302C302E36322C3330392E333430302C31312C302C312C
03-04-2017 14:31:12.093,972,RECV,3836362C352E39302C31372E32300D0A
03-04-2017 14:31:14.112,973,RECV,2474726B2C31333A33313A31332E30302C343834382E323934392C3931362E313838342C34382E3830
03-04-2017 14:31:14.175,974,RECV,343931362C392E3236393830372C323033322E35302C302E36322C3330392E333430302C31312C302C312C3836372C352E37302C31372E33300D0A
03-04-2017 14:31:15.982,975,RECV,2474726B2C31333A33313A31352E30302C343834382E333134352C3931362E313836342C34382E3830
03-04-2017 14:31:16.044,976,RECV,353234312C392E3236393737332C323034362E30302C302E36322C3330392E333430302C31312C302C312C3836382C352E36302C31372E35300D0A
03-04-2017 14:31:18.107,977,RECV,2474726B2C31333A33313A31372E3030
03-04-2017 14:31:18.170,978,RECV,2C343834382E333333352C3931362E313838302C34382E3830353535372C392E3236393830302C323036302E38302C302E36322C3330392E333430302C
03-04-2017 14:31:18.248,979,RECV,31312C302C312C3836392C2C0D0A
03-04-2017 14:31:21.960,980,RECV,2474726B2C31333A33313A32312E
03-04-2017 14:31:22.022,981,RECV,30302C343834382E333639362C3931362E313838302C34382E3830363136302C392E3236393830302C323039322E39302C302E36322C3330392E33343030
03-04-2017 14:31:22.085,982,RECV,2C31312C302C312C3837312C352E37302C31382E32300D0A
03-04-2017 14:31:23.960,983,RECV,2474726B2C31333A33313A32332E3030
03-04-2017 14:31:24.022,984,RECV,2C343834382E333835332C3931362E313930342C34382E3830363431392C392E3236393834302C323130372E34302C302E36322C3330392E333430302C31
03-04-2017 14:31:24.085,985,RECV,312C302C312C3837322C352E34302C31382E31300D0A
03-04-2017 14:31:25.960,986,RECV,2474726B2C31333A33313A32352E30302C
03-04-2017 14:31:26.023,987,RECV,343834382E343033332C3931362E313935372C34382E3830363732312C392E3236393932382C323132312E34302C302E36322C3330392E333430302C3131
03-04-2017 14:31:26.085,988,RECV,2C302C312C3837332C352E31302C31382E31300D0A
03-04-2017 14:31:27.962,989,RECV,2474726B2C31333A33313A32372E30302C3438
03-04-2017 14:31:28.025,990,RECV,34382E343234332C3931362E313939362C34382E3830373037322C392E3236393939332C323133332E39302C302E36322C3330392E333430302C31312C
03-04-2017 14:31:28.087,991,RECV,302C312C3837342C342E39302C31382E32300D0A
03-04-2017 14:31:29.950,992,RECV,2474726B2C
03-04-2017 14:31:30.013,993,RECV,31333A33313A32392E30302C343834382E343434332C3931362E313938392C34382E3830373430372C392E3236393938322C323134352E31302C302E36
03-04-2017 14:31:30.075,994,RECV,322C3330392E333430302C31312C302C312C3837352C342E38302C31382E34300D0A
03-04-2017 14:31:31.950,995,RECV,2474726B2C31
03-04-2017 14:31:32.013,996,RECV,333A33313A33312E30302C343834382E343632342C3931362E313938372C34382E3830373730352C392E3236393937382C323135382E38302C302E36322C
03-04-2017 14:31:32.075,997,RECV,3330392E333430302C31312C302C312C3837362C342E37302C31382E34300D0A
03-04-2017 14:31:36.001,998,RECV,2474726B2C31333A33313A33352E30302C343834382E353030302C3931362E323036372C34382E3830383333342C392E3237303131322C
03-04-2017 14:31:36.064,999,RECV,323138392E30302C302E36322C3330392E333430302C31312C302C312C3837382C352E30302C31382E37300D0A
03-04-2017 14:31:38.002,1000,RECV,2474726B2C31333A33313A33372E30302C343834382E353135362C3931362E323131342C34382E3830383539342C392E3237303139302C32
03-04-2017 14:31:38.064,1001,RECV,3230322E39302C302E36322C3330392E333430302C31312C302C312C3837392C342E39302C31382E38300D0A
03-04-2017 14:31:43.979,1002,RECV,2474726B2C31333A33313A34332E30302C343834382E353635342C3931362E323136362C34382E3830393432
03-04-2017 14:31:44.043,1003,RECV,352C392E3237303237372C323234382E36302C302E36322C3330392E333430302C31312C302C312C3838322C342E37302C31392E33300D0A
03-04-2017 14:31:52.094,1004,RECV,2474726B2C31333A33313A35312E30302C343834382E363336372C3931362E323137382C34382E3831303631322C392E323730323936
03-04-2017 14:31:52.157,1005,RECV,2C323330332E34302C302E36322C3330392E333430302C31312C302C312C3838362C342E30302C31392E33300D0A
03-04-2017 14:31:53.970,1006,RECV,2474726B2C31333A33313A35332E30302C343834382E363533332C3931362E323234302C
03-04-2017 14:31:54.033,1007,RECV,34382E3831303839302C392E3237303430302C323331342E33302C302E36322C3330392E333430302C31312C302C312C3838372C332E36302C31392E3430
03-04-2017 14:31:54.095,1008,RECV,0D0A
03-04-2017 14:32:03.999,1009,RECV,247472
03-04-2017 14:32:04.061,1010,RECV,6B2C31333A33323A332E30302C343834382E373631372C3931362E323430332C34382E3831323639352C392E3237303637322C323337382E31302C302E36
03-04-2017 14:32:04.126,1011,RECV,322C3330392E333430302C31312C302C312C3839322C322E39302C31392E39300D0A
03-04-2017 14:32:05.938,1012,RECV,2474726B2C31333A33323A352E30302C
03-04-2017 14:32:06.002,1013,RECV,343834382E373833322C3931362E323438382C34382E3831333035332C392E3237303831332C323338392E38302C302E36322C3330392E333430302C3131
03-04-2017 14:32:06.064,1014,RECV,2C302C312C3839332C2C0D0A
03-04-2017 14:32:07.940,1015,RECV,24
03-04-2017 14:32:08.002,1016,RECV,74726B2C31333A33323A372E30302C343834382E383031382C3931362E323536372C34382E3831333336322C392E3237303934362C323430312E37302C
03-04-2017 14:32:08.065,1017,RECV,302E36322C3330392E333430302C31312C302C312C3839342C322E38302C32302E31300D0A
03-04-2017 14:32:17.979,1018,RECV,2474726B2C31333A33323A31372E30302C343834382E383938342C3931362E323739392C34
03-04-2017 14:32:18.041,1019,RECV,382E3831343937362C392E3237313333322C323436302E35302C302E36322C3330392E333430302C31312C302C312C3839392C332E30302C32312E3130
03-04-2017 14:32:18.103,1020,RECV,0D0A
03-04-2017 14:32:33.956,1021,RECV,2474726B2C31333A33323A33332E30302C343834392E303438382C3931362E33
03-04-2017 14:32:34.018,1022,RECV,3338382C34382E3831373438322C392E3237323331332C323536382E37302C302E36322C3330392E333430302C31
03-04-2017 14:32:34.081,1023,RECV,312C302C312C3930372C322E31302C32312E33300D0A
03-04-2017 14:32:44.083,1024,RECV,2474726B2C31333A33323A34332E30302C343834392E313433312C3931362E333635332C34382E3831393035302C39
03-04-2017 14:32:44.146,1025,RECV,2E3237323735352C323632372E34302C302E36322C3330392E333430302C31312C302C312C3931322C322E30302C32302E37300D0A
03-04-2017 14:32:45.948,1026,RECV,2474726B2C31333A33323A34352E30302C343834392E313630
03-04-2017 14:32:46.011,1027,RECV,362C3931362E333734372C34382E3831393334342C392E3237323931322C323634302E31302C302E36322C3330392E333430302C31312C302C312C3931
03-04-2017 14:32:46.073,1028,RECV,332C322E30302C32302E37300D0A
03-04-2017 14:32:47.948,1029,RECV,2474726B2C31333A33323A34372E30302C343834392E31373737
03-04-2017 14:32:48.011,1030,RECV,2C3931362E333830332C34382E3831393633302C392E3237333030352C323635322E38302C302E36322C3330392E333430302C31312C302C312C3931342C
03-04-2017 14:32:48.074,1031,RECV,322E31302C32302E37300D0A
03-04-2017 14:32:50.001,1032,RECV,2474726B2C31333A33323A3439
03-04-2017 14:32:50.064,1033,RECV,2E30302C343834392E313937332C3931362E333833372C34382E3831393935342C392E3237333036312C323636342E38302C302E36322C3330392E3334
03-04-2017 14:32:50.126,1034,RECV,30302C31312C302C312C3931352C322E33302C32302E38300D0A
03-04-2017 14:33:03.960,1035,RECV,2474726B2C31333A33333A332E30302C343834392E333330362C3931362E343432362C34382E
03-04-2017 14:33:04.022,1036,RECV,3832323137382C392E3237343034342C323735382E30302C302E36322C3330392E333430302C31312C302C322C3932322C312E36302C31392E31300D0A
03-04-2017 14:33:05.947,1037,RECV,2474726B2C31333A33333A352E30302C343834392E33343831
03-04-2017 14:33:06.009,1038,RECV,2C3931362E343533322C34382E3832323436382C392E3237343232302C323737322E38302C302E36322C3330392E333430302C31312C302C322C393233
03-04-2017 14:33:06.072,1039,RECV,2C312E33302C31382E38300D0A
03-04-2017 14:33:25.936,1040,RECV,2474726B2C31333A33333A32352E30302C343834392E353234342C3931362E353238362C3438
03-04-2017 14:33:25.999,1041,RECV,2E3832353430352C392E3237353437372C323930322E31302C302E36322C3330392E333430302C31312C302C322C3933332C2C0D0A
03-04-2017 14:33:31.937,1042,RECV,2474726B2C31333A33
03-04-2017 14:33:32.001,1043,RECV,333A33312E30302C343834392E353832302C3931362E353533382C34382E3832363336362C392E3237353839362C323931392E34302C302E36322C3330
03-04-2017 14:33:32.064,1044,RECV,392E333430302C31312C302C322C3933362C2D302E38302C31372E38300D0A
03-04-2017 14:33:40.102,1045,RECV,2474726B2C31333A33333A33392E30302C343834392E36353134
03-04-2017 14:33:40.165,1046,RECV,2C3931362E353838382C34382E3832373532322C392E3237363438302C323937382E37302C302E36322C3330392E
03-04-2017 14:33:40.227,1047,RECV,333430302C31312C302C322C3934302C2D302E38302C31382E32300D0A
03-04-2017 14:33:54.029,1048,RECV,2474
03-04-2017 14:33:54.092,1049,RECV,726B2C31333A33333A35332E30302C343834392E373933302C3931362E363735392C34382E3832393838342C392E
03-04-2017 14:33:54.154,1050,RECV,3237373933322C333037342E36302C302E36322C3330392E333430302C31312C302C322C3934372C2D302E36302C31382E34300D0A
03-04-2017 14:34:34.056,1051,RECV,2474726B2C31333A33343A33332E30302C343835302E323235312C3931372E303134352C34382E3833373038362C39
03-04-2017 14:34:34.118,1052,RECV,2E3238333537352C333336372E34302C302E36322C3330392E333430302C31312C302C322C3936372C2D322E31302C31352E33300D0A
03-04-2017 14:34:52.118,1053,RECV,2474726B2C31333A33343A35312E30302C343835302E343531372C3931372E31353834
03-04-2017 14:34:52.180,1054,RECV,2C34382E3834303836322C392E3238353937342C333438302E33302C302E36322C3330392E333430302C31312C302C322C3937362C2D322E38302C3134
03-04-2017 14:34:52.243,1055,RECV,2E35300D0A
